2024-09-03 16:44:14.347  INFO 1 - [       main] c.epam.healenium.Application     : Starting Application v3.4.4 using Java 17.0.10 with PID 1 (/healenium-backend.jar started by root in /) 
2024-09-03 16:44:14.359  INFO 1 - [       main] c.epam.healenium.Application     : No active profile set, falling back to 1 default profile: "default" 
2024-09-03 16:44:17.211  INFO 1 - [       main] .RepositoryConfigurationDelegate : Bootstrapping Spring Data JPA repositories in DEFAULT mode. 
2024-09-03 16:44:17.624  INFO 1 - [       main] .RepositoryConfigurationDelegate : Finished Spring Data repository scanning in 397 ms. Found 4 JPA repository interfaces. 
2024-09-03 16:44:19.806  INFO 1 - [       main] o.s.b.w.e.t.TomcatWebServer      : Tomcat initialized with port 7878 (http) 
2024-09-03 16:44:19.845  INFO 1 - [       main] o.a.c.core.StandardService       : Starting service [Tomcat] 
2024-09-03 16:44:19.846  INFO 1 - [       main] o.a.c.core.StandardEngine        : Starting Servlet engine: [Apache Tomcat/10.1.18] 
2024-09-03 16:44:19.945  INFO 1 - [       main] o.a.c.c.C.[.[localhost].[/]      : Initializing Spring embedded WebApplicationContext 
2024-09-03 16:44:19.946  INFO 1 - [       main] rvletWebServerApplicationContext : Root WebApplicationContext: initialization completed in 5413 ms 
2024-09-03 16:44:20.852  INFO 1 - [       main] c.z.hikari.HikariDataSource      : HikariPool-1 - Starting... 
2024-09-03 16:44:21.053  INFO 1 - [       main] c.z.hikari.HikariDataSource      : HikariPool-1 - Start completed. 
2024-09-03 16:44:21.291  INFO 1 - [       main] liquibase.database               : Set default schema name to healenium 
2024-09-03 16:44:22.470  INFO 1 - [       main] liquibase.changelog              : Creating database history table with name: healenium.databasechangelog 
2024-09-03 16:44:22.511  INFO 1 - [       main] liquibase.changelog              : Reading from healenium.databasechangelog 
2024-09-03 16:44:22.725  INFO 1 - [       main] liquibase.lockservice            : Successfully acquired change log lock 
2024-09-03 16:44:22.735  INFO 1 - [       main] liquibase.command                : Using deploymentId: 5371062734 
2024-09-03 16:44:22.749  INFO 1 - [       main] liquibase.changelog              : Reading from healenium.databasechangelog 
2024-09-03 16:44:22.816  INFO 1 - [       main] liquibase.ui                     : Running Changeset: changelog/001_createSequence.xml::3::nkobzev 
2024-09-03 16:44:22.826  INFO 1 - [       main] liquibase.changelog              : Sequence healing_result_seq created 
2024-09-03 16:44:22.828  INFO 1 - [       main] liquibase.changelog              : ChangeSet changelog/001_createSequence.xml::3::nkobzev ran successfully in 11ms 
2024-09-03 16:44:22.848  INFO 1 - [       main] liquibase.ui                     : Running Changeset: changelog/002_selector.xml::5::nkobzev 
2024-09-03 16:44:22.855  INFO 1 - [       main] liquibase.changelog              : Table SELECTOR created 
2024-09-03 16:44:22.856  INFO 1 - [       main] liquibase.changelog              : ChangeSet changelog/002_selector.xml::5::nkobzev ran successfully in 7ms 
2024-09-03 16:44:22.867  INFO 1 - [       main] liquibase.ui                     : Running Changeset: changelog/002_selector.xml::6::nkobzev 
2024-09-03 16:44:22.902  INFO 1 - [       main] liquibase.changelog              : Index SELECTOR_PK created 
2024-09-03 16:44:22.904  INFO 1 - [       main] liquibase.changelog              : ChangeSet changelog/002_selector.xml::6::nkobzev ran successfully in 37ms 
2024-09-03 16:44:22.909  INFO 1 - [       main] liquibase.ui                     : Running Changeset: changelog/003_healing.xml::7::nkobzev 
2024-09-03 16:44:22.919  INFO 1 - [       main] liquibase.changelog              : Table HEALING created 
2024-09-03 16:44:22.920  INFO 1 - [       main] liquibase.changelog              : ChangeSet changelog/003_healing.xml::7::nkobzev ran successfully in 10ms 
2024-09-03 16:44:22.923  INFO 1 - [       main] liquibase.ui                     : Running Changeset: changelog/003_healing.xml::8::nkobzev 
2024-09-03 16:44:22.941  INFO 1 - [       main] liquibase.changelog              : Index HEALING_PK created 
2024-09-03 16:44:22.947  INFO 1 - [       main] liquibase.changelog              : Foreign key constraint added to HEALING (SELECTOR_ID) 
2024-09-03 16:44:22.949  INFO 1 - [       main] liquibase.changelog              : ChangeSet changelog/003_healing.xml::8::nkobzev ran successfully in 23ms 
2024-09-03 16:44:22.960  INFO 1 - [       main] liquibase.ui                     : Running Changeset: changelog/004_healingResult.xml::9::nkobzev 
2024-09-03 16:44:22.983  INFO 1 - [       main] liquibase.changelog              : Table HEALING_RESULT created 
2024-09-03 16:44:22.985  INFO 1 - [       main] liquibase.changelog              : ChangeSet changelog/004_healingResult.xml::9::nkobzev ran successfully in 25ms 
2024-09-03 16:44:22.999  INFO 1 - [       main] liquibase.ui                     : Running Changeset: changelog/004_healingResult.xml::10::nkobzev 
2024-09-03 16:44:23.031  INFO 1 - [       main] liquibase.changelog              : Index HEALING_RESULT_PK created 
2024-09-03 16:44:23.034  INFO 1 - [       main] liquibase.changelog              : Foreign key constraint added to HEALING_RESULT (HEALING_ID) 
2024-09-03 16:44:23.035  INFO 1 - [       main] liquibase.changelog              : ChangeSet changelog/004_healingResult.xml::10::nkobzev ran successfully in 34ms 
2024-09-03 16:44:23.045  INFO 1 - [       main] liquibase.ui                     : Running Changeset: changelog/005_report.xml::11::nkobzev 
2024-09-03 16:44:23.052  INFO 1 - [       main] liquibase.changelog              : Table REPORT created 
2024-09-03 16:44:23.053  INFO 1 - [       main] liquibase.changelog              : ChangeSet changelog/005_report.xml::11::nkobzev ran successfully in 7ms 
2024-09-03 16:44:23.062  INFO 1 - [       main] liquibase.ui                     : Running Changeset: changelog/005_report.xml::12::nkobzev 
2024-09-03 16:44:23.084  INFO 1 - [       main] liquibase.changelog              : Index REPORT_PK created 
2024-09-03 16:44:23.085  INFO 1 - [       main] liquibase.changelog              : ChangeSet changelog/005_report.xml::12::nkobzev ran successfully in 18ms 
2024-09-03 16:44:23.092  INFO 1 - [       main] liquibase.ui                     : Running Changeset: changelog/006_command_and_healingenable_column.xml::13::nkobzev 
2024-09-03 16:44:23.095  INFO 1 - [       main] liquibase.changelog              : Columns COMMAND(VARCHAR(264)),ENABLE_HEALING(BOOLEAN) added to SELECTOR 
2024-09-03 16:44:23.096  INFO 1 - [       main] liquibase.changelog              : ChangeSet changelog/006_command_and_healingenable_column.xml::13::nkobzev ran successfully in 4ms 
2024-09-03 16:44:23.107  INFO 1 - [       main] liquibase.util                   : UPDATE SUMMARY 
2024-09-03 16:44:23.108  INFO 1 - [       main] liquibase.util                   : Run:                         10 
2024-09-03 16:44:23.108  INFO 1 - [       main] liquibase.util                   : Previously run:               0 
2024-09-03 16:44:23.108  INFO 1 - [       main] liquibase.util                   : Filtered out:                 0 
2024-09-03 16:44:23.108  INFO 1 - [       main] liquibase.util                   : ------------------------------- 
2024-09-03 16:44:23.108  INFO 1 - [       main] liquibase.util                   : Total change sets:           10 
2024-09-03 16:44:23.109  INFO 1 - [       main] liquibase.util                   : Update summary generated 
2024-09-03 16:44:23.112  INFO 1 - [       main] liquibase.command                : Update command completed successfully. 
2024-09-03 16:44:23.113  INFO 1 - [       main] liquibase.ui                     : Liquibase: Update has been successful. Rows affected: 10 
2024-09-03 16:44:23.116  INFO 1 - [       main] liquibase.lockservice            : Successfully released change log lock 
2024-09-03 16:44:23.117  INFO 1 - [       main] liquibase.command                : Command execution complete 
2024-09-03 16:44:23.442  INFO 1 - [       main] o.h.j.internal.util.LogHelper    : HHH000204: Processing PersistenceUnitInfo [name: default] 
2024-09-03 16:44:23.595  INFO 1 - [       main] org.hibernate.Version            : HHH000412: Hibernate ORM core version 6.4.1.Final 
2024-09-03 16:44:23.688  INFO 1 - [       main] o.h.c.i.RegionFactoryInitiator   : HHH000026: Second-level cache disabled 
2024-09-03 16:44:24.248  INFO 1 - [       main] .o.j.p.SpringPersistenceUnitInfo : No LoadTimeWeaver setup: ignoring JPA class transformer 
2024-09-03 16:44:24.307  WARN 1 - [       main] org.hibernate.orm.deprecation    : HHH90000025: PostgreSQLDialect does not need to be specified explicitly using 'hibernate.dialect' (remove the property setting and it will be selected by default) 
2024-09-03 16:44:26.397  WARN 1 - [       main] o.h.m.internal.MetadataContext   : HHH015011: Unable to locate static metamodel field : com.epam.healenium.model.domain.Selector_#nodePathWrapper; this may or may not indicate a problem with the static metamodel 
2024-09-03 16:44:26.408  INFO 1 - [       main] h.e.t.j.p.i.JtaPlatformInitiator : HHH000489: No JTA platform available (set 'hibernate.transaction.jta.platform' to enable JTA platform integration) 
2024-09-03 16:44:26.415  INFO 1 - [       main] ontainerEntityManagerFactoryBean : Initialized JPA EntityManagerFactory for persistence unit 'default' 
2024-09-03 16:44:27.466  INFO 1 - [       main] o.s.d.j.r.q.QueryEnhancerFactory : Hibernate is in classpath; If applicable, HQL parser will be used. 
2024-09-03 16:44:28.860  INFO 1 - [       main] .a.w.s.WelcomePageHandlerMapping : Adding welcome page template: index 
2024-09-03 16:44:30.332  INFO 1 - [       main] .s.b.a.e.w.EndpointLinksResolver : Exposing 1 endpoint(s) beneath base path '/actuator' 
2024-09-03 16:44:30.730  INFO 1 - [       main] o.s.b.w.e.t.TomcatWebServer      : Tomcat started on port 7878 (http) with context path '' 
2024-09-03 16:44:30.924  INFO 1 - [       main] c.epam.healenium.Application     : Started Application in 17.971 seconds (process running for 19.607) 
2024-09-03 16:44:37.607  INFO 1 - [7878-exec-1] o.a.c.c.C.[.[localhost].[/]      : Initializing Spring DispatcherServlet 'dispatcherServlet' 
2024-09-03 16:44:37.608  INFO 1 - [7878-exec-1] o.s.w.s.DispatcherServlet        : Initializing Servlet 'dispatcherServlet' 
2024-09-03 16:44:37.612  INFO 1 - [7878-exec-1] o.s.w.s.DispatcherServlet        : Completed initialization in 2 ms 
2024-09-03 16:44:39.373  INFO 1 - [7878-exec-3] healenium                        : [Save Elements] Request: By.xpath(//input[@id='user-name']) 
2024-09-03 16:44:39.586  INFO 1 - [7878-exec-4] healenium                        : [Save Elements] Request: By.xpath(//input[@id='password']) 
2024-09-03 16:44:39.666  INFO 1 - [7878-exec-5] healenium                        : [Save Elements] Request: By.xpath(//input[@id='login-button']) 
2024-09-03 16:44:39.765  INFO 1 - [7878-exec-6] healenium                        : [Save Elements] Request: By.xpath(//div[text()='Swag Labs']) 
2024-09-03 16:44:39.824  INFO 1 - [7878-exec-7] healenium                        : [Save Elements] Request: By.xpath(//button[@id='react-burger-menu-btn']) 
2024-09-03 16:44:39.882  INFO 1 - [7878-exec-8] healenium                        : [Save Elements] Request: By.xpath(//a[@id='logout_sidebar_link']) 
2024-09-03 16:44:40.196  INFO 1 - [7878-exec-9] healenium                        : [Save Elements] Request: By.id(add-to-cart-sauce-labs-backpack) 
2024-09-03 16:44:40.260  INFO 1 - [878-exec-10] healenium                        : [Save Elements] Request: By.xpath(//a[@class='shopping_cart_link']) 
2024-09-03 16:44:40.320  INFO 1 - [7878-exec-1] healenium                        : [Save Elements] Request: By.id(checkout) 
2024-09-03 16:44:40.377  INFO 1 - [7878-exec-2] healenium                        : [Save Elements] Request: By.id(first-name) 
2024-09-03 16:44:40.435  INFO 1 - [7878-exec-3] healenium                        : [Save Elements] Request: By.id(last-name) 
2024-09-03 16:44:40.493  INFO 1 - [7878-exec-4] healenium                        : [Save Elements] Request: By.id(postal-code) 
2024-09-03 16:44:40.561  INFO 1 - [7878-exec-5] healenium                        : [Save Elements] Request: By.id(continue) 
2024-09-03 16:44:40.627  INFO 1 - [7878-exec-6] healenium                        : [Save Elements] Request: By.id(finish) 
2024-09-03 16:44:40.688  INFO 1 - [7878-exec-7] healenium                        : [Save Elements] Request: By.id(back-to-products) 
2024-09-03 16:44:41.479  INFO 1 - [7878-exec-8] healenium                        : [Save Elements] Request: By.id(react-burger-menu-btn) 
2024-09-03 16:44:44.551  INFO 1 - [7878-exec-9] healenium                        : [Save Elements] Request: By.xpath(//a[text()='All Items']) 
2024-09-03 16:44:47.600  INFO 1 - [878-exec-10] healenium                        : [Save Elements] Request: By.xpath(//a[text()='About']) 
2024-09-03 16:44:50.651  INFO 1 - [7878-exec-1] healenium                        : [Save Elements] Request: By.xpath(//a[text()='Logout']) 
2024-09-03 16:44:53.701  INFO 1 - [7878-exec-2] healenium                        : [Save Elements] Request: By.xpath(//a[text()='Reset App State']) 
2024-09-03 16:44:53.740  INFO 1 - [7878-exec-3] healenium                        : [Save Elements] Request: By.id(react-burger-cross-btn) 
2024-09-03 16:44:54.372  INFO 1 - [7878-exec-4] healenium                        : [Save Elements] Request: By.xpath(//select[@class='product_sort_container']) 
2024-09-03 16:44:54.446  INFO 1 - [7878-exec-5] healenium                        : [Save Elements] Request: [By.xpath(.//option[@value = "za"]] on page null) 
2024-09-03 16:44:54.509  INFO 1 - [7878-exec-6] healenium                        : [Save Elements] Request: By.xpath(//div[text()='Test.allTheThings() T-Shirt (Red)']) 
2024-09-03 16:57:56.976  INFO 1 - [hutdownHook] ontainerEntityManagerFactoryBean : Closing JPA EntityManagerFactory for persistence unit 'default' 
2024-09-03 16:57:56.987  INFO 1 - [hutdownHook] c.z.hikari.HikariDataSource      : HikariPool-1 - Shutdown initiated... 
2024-09-03 16:57:56.995  INFO 1 - [hutdownHook] c.z.hikari.HikariDataSource      : HikariPool-1 - Shutdown completed. 
2024-09-03 17:12:21.191  INFO 1 - [       main] c.epam.healenium.Application     : Starting Application v3.4.4 using Java 17.0.10 with PID 1 (/healenium-backend.jar started by root in /) 
2024-09-03 17:12:21.210  INFO 1 - [       main] c.epam.healenium.Application     : No active profile set, falling back to 1 default profile: "default" 
2024-09-03 17:12:24.174  INFO 1 - [       main] .RepositoryConfigurationDelegate : Bootstrapping Spring Data JPA repositories in DEFAULT mode. 
2024-09-03 17:12:24.576  INFO 1 - [       main] .RepositoryConfigurationDelegate : Finished Spring Data repository scanning in 385 ms. Found 4 JPA repository interfaces. 
2024-09-03 17:12:26.736  INFO 1 - [       main] o.s.b.w.e.t.TomcatWebServer      : Tomcat initialized with port 7878 (http) 
2024-09-03 17:12:26.768  INFO 1 - [       main] o.a.c.core.StandardService       : Starting service [Tomcat] 
2024-09-03 17:12:26.768  INFO 1 - [       main] o.a.c.core.StandardEngine        : Starting Servlet engine: [Apache Tomcat/10.1.18] 
2024-09-03 17:12:26.851  INFO 1 - [       main] o.a.c.c.C.[.[localhost].[/]      : Initializing Spring embedded WebApplicationContext 
2024-09-03 17:12:26.852  INFO 1 - [       main] rvletWebServerApplicationContext : Root WebApplicationContext: initialization completed in 5473 ms 
2024-09-03 17:12:27.738  INFO 1 - [       main] c.z.hikari.HikariDataSource      : HikariPool-1 - Starting... 
2024-09-03 17:12:28.005  INFO 1 - [       main] c.z.hikari.HikariDataSource      : HikariPool-1 - Start completed. 
2024-09-03 17:12:28.234  INFO 1 - [       main] liquibase.database               : Set default schema name to healenium 
2024-09-03 17:12:29.370  INFO 1 - [       main] liquibase.changelog              : Creating database history table with name: healenium.databasechangelog 
2024-09-03 17:12:29.413  INFO 1 - [       main] liquibase.changelog              : Reading from healenium.databasechangelog 
2024-09-03 17:12:29.636  INFO 1 - [       main] liquibase.lockservice            : Successfully acquired change log lock 
2024-09-03 17:12:29.642  INFO 1 - [       main] liquibase.command                : Using deploymentId: 5372749641 
2024-09-03 17:12:29.646  INFO 1 - [       main] liquibase.changelog              : Reading from healenium.databasechangelog 
2024-09-03 17:12:29.725  INFO 1 - [       main] liquibase.ui                     : Running Changeset: changelog/001_createSequence.xml::3::nkobzev 
2024-09-03 17:12:29.761  INFO 1 - [       main] liquibase.changelog              : Sequence healing_result_seq created 
2024-09-03 17:12:29.771  INFO 1 - [       main] liquibase.changelog              : ChangeSet changelog/001_createSequence.xml::3::nkobzev ran successfully in 30ms 
2024-09-03 17:12:29.815  INFO 1 - [       main] liquibase.ui                     : Running Changeset: changelog/002_selector.xml::5::nkobzev 
2024-09-03 17:12:29.824  INFO 1 - [       main] liquibase.changelog              : Table SELECTOR created 
2024-09-03 17:12:29.825  INFO 1 - [       main] liquibase.changelog              : ChangeSet changelog/002_selector.xml::5::nkobzev ran successfully in 9ms 
2024-09-03 17:12:29.830  INFO 1 - [       main] liquibase.ui                     : Running Changeset: changelog/002_selector.xml::6::nkobzev 
2024-09-03 17:12:29.876  INFO 1 - [       main] liquibase.changelog              : Index SELECTOR_PK created 
2024-09-03 17:12:29.877  INFO 1 - [       main] liquibase.changelog              : ChangeSet changelog/002_selector.xml::6::nkobzev ran successfully in 47ms 
2024-09-03 17:12:29.881  INFO 1 - [       main] liquibase.ui                     : Running Changeset: changelog/003_healing.xml::7::nkobzev 
2024-09-03 17:12:29.886  INFO 1 - [       main] liquibase.changelog              : Table HEALING created 
2024-09-03 17:12:29.887  INFO 1 - [       main] liquibase.changelog              : ChangeSet changelog/003_healing.xml::7::nkobzev ran successfully in 5ms 
2024-09-03 17:12:29.899  INFO 1 - [       main] liquibase.ui                     : Running Changeset: changelog/003_healing.xml::8::nkobzev 
2024-09-03 17:12:29.914  INFO 1 - [       main] liquibase.changelog              : Index HEALING_PK created 
2024-09-03 17:12:29.919  INFO 1 - [       main] liquibase.changelog              : Foreign key constraint added to HEALING (SELECTOR_ID) 
2024-09-03 17:12:29.921  INFO 1 - [       main] liquibase.changelog              : ChangeSet changelog/003_healing.xml::8::nkobzev ran successfully in 21ms 
2024-09-03 17:12:29.934  INFO 1 - [       main] liquibase.ui                     : Running Changeset: changelog/004_healingResult.xml::9::nkobzev 
2024-09-03 17:12:29.958  INFO 1 - [       main] liquibase.changelog              : Table HEALING_RESULT created 
2024-09-03 17:12:29.961  INFO 1 - [       main] liquibase.changelog              : ChangeSet changelog/004_healingResult.xml::9::nkobzev ran successfully in 21ms 
2024-09-03 17:12:29.971  INFO 1 - [       main] liquibase.ui                     : Running Changeset: changelog/004_healingResult.xml::10::nkobzev 
2024-09-03 17:12:29.995  INFO 1 - [       main] liquibase.changelog              : Index HEALING_RESULT_PK created 
2024-09-03 17:12:29.997  INFO 1 - [       main] liquibase.changelog              : Foreign key constraint added to HEALING_RESULT (HEALING_ID) 
2024-09-03 17:12:29.998  INFO 1 - [       main] liquibase.changelog              : ChangeSet changelog/004_healingResult.xml::10::nkobzev ran successfully in 25ms 
2024-09-03 17:12:30.007  INFO 1 - [       main] liquibase.ui                     : Running Changeset: changelog/005_report.xml::11::nkobzev 
2024-09-03 17:12:30.014  INFO 1 - [       main] liquibase.changelog              : Table REPORT created 
2024-09-03 17:12:30.015  INFO 1 - [       main] liquibase.changelog              : ChangeSet changelog/005_report.xml::11::nkobzev ran successfully in 7ms 
2024-09-03 17:12:30.021  INFO 1 - [       main] liquibase.ui                     : Running Changeset: changelog/005_report.xml::12::nkobzev 
2024-09-03 17:12:30.044  INFO 1 - [       main] liquibase.changelog              : Index REPORT_PK created 
2024-09-03 17:12:30.045  INFO 1 - [       main] liquibase.changelog              : ChangeSet changelog/005_report.xml::12::nkobzev ran successfully in 22ms 
2024-09-03 17:12:30.052  INFO 1 - [       main] liquibase.ui                     : Running Changeset: changelog/006_command_and_healingenable_column.xml::13::nkobzev 
2024-09-03 17:12:30.056  INFO 1 - [       main] liquibase.changelog              : Columns COMMAND(VARCHAR(264)),ENABLE_HEALING(BOOLEAN) added to SELECTOR 
2024-09-03 17:12:30.057  INFO 1 - [       main] liquibase.changelog              : ChangeSet changelog/006_command_and_healingenable_column.xml::13::nkobzev ran successfully in 4ms 
2024-09-03 17:12:30.070  INFO 1 - [       main] liquibase.util                   : UPDATE SUMMARY 
2024-09-03 17:12:30.071  INFO 1 - [       main] liquibase.util                   : Run:                         10 
2024-09-03 17:12:30.071  INFO 1 - [       main] liquibase.util                   : Previously run:               0 
2024-09-03 17:12:30.071  INFO 1 - [       main] liquibase.util                   : Filtered out:                 0 
2024-09-03 17:12:30.071  INFO 1 - [       main] liquibase.util                   : ------------------------------- 
2024-09-03 17:12:30.071  INFO 1 - [       main] liquibase.util                   : Total change sets:           10 
2024-09-03 17:12:30.071  INFO 1 - [       main] liquibase.util                   : Update summary generated 
2024-09-03 17:12:30.075  INFO 1 - [       main] liquibase.command                : Update command completed successfully. 
2024-09-03 17:12:30.075  INFO 1 - [       main] liquibase.ui                     : Liquibase: Update has been successful. Rows affected: 10 
2024-09-03 17:12:30.079  INFO 1 - [       main] liquibase.lockservice            : Successfully released change log lock 
2024-09-03 17:12:30.080  INFO 1 - [       main] liquibase.command                : Command execution complete 
2024-09-03 17:12:30.472  INFO 1 - [       main] o.h.j.internal.util.LogHelper    : HHH000204: Processing PersistenceUnitInfo [name: default] 
2024-09-03 17:12:30.604  INFO 1 - [       main] org.hibernate.Version            : HHH000412: Hibernate ORM core version 6.4.1.Final 
2024-09-03 17:12:30.676  INFO 1 - [       main] o.h.c.i.RegionFactoryInitiator   : HHH000026: Second-level cache disabled 
2024-09-03 17:12:31.198  INFO 1 - [       main] .o.j.p.SpringPersistenceUnitInfo : No LoadTimeWeaver setup: ignoring JPA class transformer 
2024-09-03 17:12:31.254  WARN 1 - [       main] org.hibernate.orm.deprecation    : HHH90000025: PostgreSQLDialect does not need to be specified explicitly using 'hibernate.dialect' (remove the property setting and it will be selected by default) 
2024-09-03 17:12:33.337  WARN 1 - [       main] o.h.m.internal.MetadataContext   : HHH015011: Unable to locate static metamodel field : com.epam.healenium.model.domain.Selector_#nodePathWrapper; this may or may not indicate a problem with the static metamodel 
2024-09-03 17:12:33.348  INFO 1 - [       main] h.e.t.j.p.i.JtaPlatformInitiator : HHH000489: No JTA platform available (set 'hibernate.transaction.jta.platform' to enable JTA platform integration) 
2024-09-03 17:12:33.353  INFO 1 - [       main] ontainerEntityManagerFactoryBean : Initialized JPA EntityManagerFactory for persistence unit 'default' 
2024-09-03 17:12:34.401  INFO 1 - [       main] o.s.d.j.r.q.QueryEnhancerFactory : Hibernate is in classpath; If applicable, HQL parser will be used. 
2024-09-03 17:12:35.784  INFO 1 - [       main] .a.w.s.WelcomePageHandlerMapping : Adding welcome page template: index 
2024-09-03 17:12:37.573  INFO 1 - [       main] .s.b.a.e.w.EndpointLinksResolver : Exposing 1 endpoint(s) beneath base path '/actuator' 
2024-09-03 17:12:37.735  INFO 1 - [       main] o.s.b.w.e.t.TomcatWebServer      : Tomcat started on port 7878 (http) with context path '' 
2024-09-03 17:12:37.941  INFO 1 - [       main] c.epam.healenium.Application     : Started Application in 18.098 seconds (process running for 19.68) 
2024-09-03 17:12:38.052  INFO 1 - [7878-exec-1] o.a.c.c.C.[.[localhost].[/]      : Initializing Spring DispatcherServlet 'dispatcherServlet' 
2024-09-03 17:12:38.053  INFO 1 - [7878-exec-1] o.s.w.s.DispatcherServlet        : Initializing Servlet 'dispatcherServlet' 
2024-09-03 17:12:38.054  INFO 1 - [7878-exec-1] o.s.w.s.DispatcherServlet        : Completed initialization in 1 ms 
2024-09-03 17:13:13.324  INFO 1 - [7878-exec-2] healenium                        : [Save Elements] Request: By.xpath(//input[@id='user-name']) 
2024-09-03 17:13:13.510  INFO 1 - [7878-exec-5] healenium                        : [Save Elements] Request: By.xpath(//input[@id='password']) 
2024-09-03 17:13:13.589  INFO 1 - [7878-exec-4] healenium                        : [Save Elements] Request: By.xpath(//input[@id='login-button']) 
2024-09-03 17:13:13.680  INFO 1 - [7878-exec-6] healenium                        : [Save Elements] Request: By.xpath(//div[text()='Swag Labs']) 
2024-09-03 17:13:13.737  INFO 1 - [7878-exec-7] healenium                        : [Save Elements] Request: By.xpath(//button[@id='react-burger-menu-btn']) 
2024-09-03 17:13:13.797  INFO 1 - [7878-exec-8] healenium                        : [Save Elements] Request: By.xpath(//a[@id='logout_sidebar_link']) 
2024-09-03 17:13:14.104  INFO 1 - [7878-exec-9] healenium                        : [Save Elements] Request: By.id(add-to-cart-sauce-labs-backpack) 
2024-09-03 17:13:14.172  INFO 1 - [878-exec-10] healenium                        : [Save Elements] Request: By.xpath(//a[@class='shopping_cart_link']) 
2024-09-03 17:13:14.231  INFO 1 - [7878-exec-1] healenium                        : [Save Elements] Request: By.id(checkout) 
2024-09-03 17:13:14.285  INFO 1 - [7878-exec-3] healenium                        : [Save Elements] Request: By.id(first-name) 
2024-09-03 17:13:14.337  INFO 1 - [7878-exec-2] healenium                        : [Save Elements] Request: By.id(last-name) 
2024-09-03 17:13:14.401  INFO 1 - [7878-exec-5] healenium                        : [Save Elements] Request: By.id(postal-code) 
2024-09-03 17:13:14.471  INFO 1 - [7878-exec-4] healenium                        : [Save Elements] Request: By.id(continue) 
2024-09-03 17:13:14.531  INFO 1 - [7878-exec-6] healenium                        : [Save Elements] Request: By.id(finish) 
2024-09-03 17:13:14.580  INFO 1 - [7878-exec-7] healenium                        : [Save Elements] Request: By.id(back-to-products) 
2024-09-03 17:13:14.953  INFO 1 - [7878-exec-8] healenium                        : [Save Elements] Request: By.id(react-burger-menu-btn) 
2024-09-03 17:13:18.053  INFO 1 - [7878-exec-9] healenium                        : [Save Elements] Request: By.xpath(//a[text()='All Items']) 
2024-09-03 17:13:21.102  INFO 1 - [878-exec-10] healenium                        : [Save Elements] Request: By.xpath(//a[text()='About']) 
2024-09-03 17:13:24.152  INFO 1 - [7878-exec-1] healenium                        : [Save Elements] Request: By.xpath(//a[text()='Logout']) 
2024-09-03 17:13:27.200  INFO 1 - [7878-exec-3] healenium                        : [Save Elements] Request: By.xpath(//a[text()='Reset App State']) 
2024-09-03 17:13:27.233  INFO 1 - [7878-exec-2] healenium                        : [Save Elements] Request: By.id(react-burger-cross-btn) 
2024-09-03 17:13:27.819  INFO 1 - [7878-exec-5] healenium                        : [Save Elements] Request: By.xpath(//select[@class='product_sort_container']) 
2024-09-03 17:13:27.888  INFO 1 - [7878-exec-4] healenium                        : [Save Elements] Request: [By.xpath(.//option[@value = "za"]] on page null) 
2024-09-03 17:13:27.952  INFO 1 - [7878-exec-6] healenium                        : [Save Elements] Request: By.xpath(//div[text()='Test.allTheThings() T-Shirt (Red)']) 
2024-09-03 17:14:35.030  INFO 1 - [hutdownHook] ontainerEntityManagerFactoryBean : Closing JPA EntityManagerFactory for persistence unit 'default' 
2024-09-03 17:14:35.036  INFO 1 - [hutdownHook] c.z.hikari.HikariDataSource      : HikariPool-1 - Shutdown initiated... 
2024-09-03 17:14:35.041  INFO 1 - [hutdownHook] c.z.hikari.HikariDataSource      : HikariPool-1 - Shutdown completed. 
